/Library/Developer/CommandLineTools/usr/bin/python3: can't open file '/Users/anirudhiyengar/Documents/quantmarkets/collector.py': [Errno 1] Operation not permitted
/Library/Developer/CommandLineTools/usr/bin/python3: can't open file '/Users/anirudhiyengar/Documents/quantmarkets/collector.py': [Errno 1] Operation not permitted
/Library/Developer/CommandLineTools/usr/bin/python3: can't open file '/Users/anirudhiyengar/Documents/quantmarkets/collector.py': [Errno 1] Operation not permitted
/Library/Developer/CommandLineTools/usr/bin/python3: can't open file '/Users/anirudhiyengar/Documents/quantmarkets/collector.py': [Errno 1] Operation not permitted
Running collector at 2026-03-08 13:41:18
Fetching Kalshi markets...
Kalshi: 0 valid markets
Fetching Polymarket markets...
Polymarket: 500 valid markets
Total saved: 500 rows to /Users/anirudhiyengar/Documents/quantmarkets/market_prices.csv
Running collector at 2026-03-08 13:41:18
Fetching Kalshi markets...
Kalshi: 0 valid markets
Fetching Polymarket markets...
Polymarket: 500 valid markets
Total saved: 500 rows to /Users/anirudhiyengar/Documents/quantmarkets/market_prices.csv
Running collector at 2026-03-08 13:41:18
Fetching Kalshi markets...
Kalshi: 0 valid markets
Fetching Polymarket markets...
Polymarket: 500 valid markets
Total saved: 500 rows to /Users/anirudhiyengar/Documents/quantmarkets/market_prices.csv
Running collector at 2026-03-08 13:41:18
Fetching Kalshi markets...
Kalshi: 0 valid markets
Fetching Polymarket markets...
Polymarket: 500 valid markets
Total saved: 500 rows to /Users/anirudhiyengar/Documents/quantmarkets/market_prices.csv
Running collector at 2026-03-08 14:00:03
Fetching Kalshi markets...
Kalshi: 0 valid markets
Fetching Polymarket markets...
Polymarket: 500 valid markets
Total saved: 500 rows to /Users/anirudhiyengar/Documents/quantmarkets/market_prices.csv
Running collector at 2026-03-08 15:00:04
Fetching Kalshi markets...
Kalshi: 0 valid markets
Fetching Polymarket markets...
Polymarket: 500 valid markets
Total saved: 500 rows to /Users/anirudhiyengar/Documents/quantmarkets/market_prices.csv
